\BOOKMARK [0][-]{chapter.1}{R\351sum\351}{}% 1
\BOOKMARK [0][-]{chapter.2}{Introduction}{}% 2
\BOOKMARK [0][-]{chapter.3}{Fondamenteux}{}% 3
\BOOKMARK [1][-]{section.3.1}{Langages et grammaires}{chapter.3}% 4
\BOOKMARK [2][-]{subsection.3.1.1}{D\351fintion}{section.3.1}% 5
\BOOKMARK [2][-]{subsection.3.1.2}{Grammaire ambigue}{section.3.1}% 6
\BOOKMARK [1][-]{section.3.2}{Analyse Lexicale}{chapter.3}% 7
\BOOKMARK [2][-]{subsection.3.2.1}{D\351fintion}{section.3.2}% 8
\BOOKMARK [2][-]{subsection.3.2.2}{Segmentation}{section.3.2}% 9
\BOOKMARK [2][-]{subsection.3.2.3}{Unit\351s lexicales}{section.3.2}% 10
\BOOKMARK [1][-]{section.3.3}{Analyse syntaxique}{chapter.3}% 11
\BOOKMARK [2][-]{subsection.3.3.1}{D\351fintion}{section.3.3}% 12
\BOOKMARK [2][-]{subsection.3.3.2}{Analyse descendante}{section.3.3}% 13
\BOOKMARK [2][-]{subsection.3.3.3}{Analyse ascendante}{section.3.3}% 14
\BOOKMARK [1][-]{section.3.4}{LL *}{chapter.3}% 15
\BOOKMARK [2][-]{subsection.3.4.1}{D\351fintion}{section.3.4}% 16
\BOOKMARK [1][-]{section.3.5}{LL A R}{chapter.3}% 17
\BOOKMARK [2][-]{subsection.3.5.1}{LR}{section.3.5}% 18
\BOOKMARK [2][-]{subsection.3.5.2}{LALR}{section.3.5}% 19
\BOOKMARK [0][-]{chapter.4}{Comparaison entre les outils}{}% 20
\BOOKMARK [1][-]{section.4.1}{YACC/BISON/CUP/JFLEX}{chapter.4}% 21
\BOOKMARK [2][-]{subsection.4.1.1}{YACC}{section.4.1}% 22
\BOOKMARK [2][-]{subsection.4.1.2}{Sp\351cifications}{section.4.1}% 23
\BOOKMARK [1][-]{section.4.2}{ANTLR}{chapter.4}% 24
\BOOKMARK [2][-]{subsection.4.2.1}{D\351fintions}{section.4.2}% 25
\BOOKMARK [2][-]{subsection.4.2.2}{Features}{section.4.2}% 26
\BOOKMARK [2][-]{subsection.4.2.3}{El\350ments de langages}{section.4.2}% 27
\BOOKMARK [2][-]{subsection.4.2.4}{Grammaire}{section.4.2}% 28
\BOOKMARK [2][-]{subsection.4.2.5}{Gestion d'erreurs}{section.4.2}% 29
\BOOKMARK [2][-]{subsection.4.2.6}{L'arbre}{section.4.2}% 30
\BOOKMARK [1][-]{section.4.3}{XTEXT}{chapter.4}% 31
\BOOKMARK [2][-]{subsection.4.3.1}{D\351fintions}{section.4.3}% 32
\BOOKMARK [0][-]{chapter.5}{Conclusion}{}% 33
\BOOKMARK [0][-]{chapter.6}{R\351f\351rences}{}% 34
\BOOKMARK [0][-]{chapter.7}{Some small hints}{}% 35
\BOOKMARK [1][-]{section.7.1}{German Umlauts and other Language Specific Characters}{chapter.7}% 36
\BOOKMARK [1][-]{section.7.2}{References}{chapter.7}% 37
\BOOKMARK [0][-]{section.7.2}{List of Figures}{}% 38
\BOOKMARK [0][-]{chapter*.2}{List of Tables}{}% 39
